mode: set
github.com/TranQuocToan1996/bookings/internal/handlers/handlers.go:36.62,41.2 1 1
github.com/TranQuocToan1996/bookings/internal/handlers/handlers.go:44.33,46.2 1 1
github.com/TranQuocToan1996/bookings/internal/handlers/handlers.go:49.70,51.2 1 1
github.com/TranQuocToan1996/bookings/internal/handlers/handlers.go:54.67,59.2 1 1
github.com/TranQuocToan1996/bookings/internal/handlers/handlers.go:62.68,67.2 1 1
github.com/TranQuocToan1996/bookings/internal/handlers/handlers.go:70.74,74.9 2 1
github.com/TranQuocToan1996/bookings/internal/handlers/handlers.go:81.2,82.16 2 1
github.com/TranQuocToan1996/bookings/internal/handlers/handlers.go:87.2,105.4 6 1
github.com/TranQuocToan1996/bookings/internal/handlers/handlers.go:74.9,78.3 3 1
github.com/TranQuocToan1996/bookings/internal/handlers/handlers.go:82.16,86.3 3 1
github.com/TranQuocToan1996/bookings/internal/handlers/handlers.go:108.78,111.16 2 1
github.com/TranQuocToan1996/bookings/internal/handlers/handlers.go:119.2,120.9 2 1
github.com/TranQuocToan1996/bookings/internal/handlers/handlers.go:125.2,140.19 11 1
github.com/TranQuocToan1996/bookings/internal/handlers/handlers.go:153.2,154.16 2 1
github.com/TranQuocToan1996/bookings/internal/handlers/handlers.go:160.2,169.16 3 1
github.com/TranQuocToan1996/bookings/internal/handlers/handlers.go:176.2,217.66 8 1
github.com/TranQuocToan1996/bookings/internal/handlers/handlers.go:111.16,115.3 3 1
github.com/TranQuocToan1996/bookings/internal/handlers/handlers.go:120.9,124.3 3 0
github.com/TranQuocToan1996/bookings/internal/handlers/handlers.go:140.19,150.3 5 1
github.com/TranQuocToan1996/bookings/internal/handlers/handlers.go:154.16,158.3 3 1
github.com/TranQuocToan1996/bookings/internal/handlers/handlers.go:169.16,173.3 3 0
github.com/TranQuocToan1996/bookings/internal/handlers/handlers.go:221.81,225.9 2 1
github.com/TranQuocToan1996/bookings/internal/handlers/handlers.go:233.2,245.4 7 1
github.com/TranQuocToan1996/bookings/internal/handlers/handlers.go:225.9,230.3 4 1
github.com/TranQuocToan1996/bookings/internal/handlers/handlers.go:248.71,250.2 1 1
github.com/TranQuocToan1996/bookings/internal/handlers/handlers.go:252.69,254.2 1 1
github.com/TranQuocToan1996/bookings/internal/handlers/handlers.go:256.75,258.2 1 1
github.com/TranQuocToan1996/bookings/internal/handlers/handlers.go:261.69,264.16 2 1
github.com/TranQuocToan1996/bookings/internal/handlers/handlers.go:269.2,270.16 2 1
github.com/TranQuocToan1996/bookings/internal/handlers/handlers.go:274.2,274.57 1 1
github.com/TranQuocToan1996/bookings/internal/handlers/handlers.go:264.16,266.3 1 0
github.com/TranQuocToan1996/bookings/internal/handlers/handlers.go:270.16,272.3 1 0
github.com/TranQuocToan1996/bookings/internal/handlers/handlers.go:277.77,279.2 1 1
github.com/TranQuocToan1996/bookings/internal/handlers/handlers.go:282.83,284.16 2 1
github.com/TranQuocToan1996/bookings/internal/handlers/handlers.go:289.2,294.4 3 1
github.com/TranQuocToan1996/bookings/internal/handlers/handlers.go:284.16,287.3 2 0
github.com/TranQuocToan1996/bookings/internal/handlers/handlers.go:298.83,300.16 2 1
github.com/TranQuocToan1996/bookings/internal/handlers/handlers.go:305.2,310.4 3 1
github.com/TranQuocToan1996/bookings/internal/handlers/handlers.go:300.16,303.3 2 0
github.com/TranQuocToan1996/bookings/internal/handlers/handlers.go:314.88,319.66 2 0
github.com/TranQuocToan1996/bookings/internal/handlers/handlers.go:333.2,365.16 23 0
github.com/TranQuocToan1996/bookings/internal/handlers/handlers.go:369.2,371.29 2 0
github.com/TranQuocToan1996/bookings/internal/handlers/handlers.go:405.2,409.4 1 0
github.com/TranQuocToan1996/bookings/internal/handlers/handlers.go:319.66,321.17 2 0
github.com/TranQuocToan1996/bookings/internal/handlers/handlers.go:325.3,326.17 2 0
github.com/TranQuocToan1996/bookings/internal/handlers/handlers.go:330.3,330.68 1 0
github.com/TranQuocToan1996/bookings/internal/handlers/handlers.go:321.17,324.4 2 0
github.com/TranQuocToan1996/bookings/internal/handlers/handlers.go:326.17,329.4 2 0
github.com/TranQuocToan1996/bookings/internal/handlers/handlers.go:365.16,368.3 2 0
github.com/TranQuocToan1996/bookings/internal/handlers/handlers.go:371.29,376.72 3 0
github.com/TranQuocToan1996/bookings/internal/handlers/handlers.go:382.3,383.17 2 0
github.com/TranQuocToan1996/bookings/internal/handlers/handlers.go:388.3,388.44 1 0
github.com/TranQuocToan1996/bookings/internal/handlers/handlers.go:399.3,402.81 3 0
github.com/TranQuocToan1996/bookings/internal/handlers/handlers.go:376.72,379.4 2 0
github.com/TranQuocToan1996/bookings/internal/handlers/handlers.go:383.17,386.4 2 0
github.com/TranQuocToan1996/bookings/internal/handlers/handlers.go:388.44,389.37 1 0
github.com/TranQuocToan1996/bookings/internal/handlers/handlers.go:389.37,391.91 1 0
github.com/TranQuocToan1996/bookings/internal/handlers/handlers.go:391.91,393.6 1 0
github.com/TranQuocToan1996/bookings/internal/handlers/handlers.go:394.10,397.5 1 0
github.com/TranQuocToan1996/bookings/internal/handlers/handlers.go:413.84,419.16 4 1
github.com/TranQuocToan1996/bookings/internal/handlers/handlers.go:425.2,426.16 2 1
github.com/TranQuocToan1996/bookings/internal/handlers/handlers.go:432.2,445.4 9 1
github.com/TranQuocToan1996/bookings/internal/handlers/handlers.go:419.16,422.3 2 0
github.com/TranQuocToan1996/bookings/internal/handlers/handlers.go:426.16,429.3 2 0
github.com/TranQuocToan1996/bookings/internal/handlers/handlers.go:449.72,453.2 1 1
github.com/TranQuocToan1996/bookings/internal/handlers/handlers.go:456.76,460.16 2 1
github.com/TranQuocToan1996/bookings/internal/handlers/handlers.go:464.2,465.16 2 1
github.com/TranQuocToan1996/bookings/internal/handlers/handlers.go:468.2,475.19 6 1
github.com/TranQuocToan1996/bookings/internal/handlers/handlers.go:483.2,484.16 2 1
github.com/TranQuocToan1996/bookings/internal/handlers/handlers.go:495.2,499.47 3 1
github.com/TranQuocToan1996/bookings/internal/handlers/handlers.go:460.16,462.3 1 0
github.com/TranQuocToan1996/bookings/internal/handlers/handlers.go:465.16,467.3 1 0
github.com/TranQuocToan1996/bookings/internal/handlers/handlers.go:475.19,481.3 2 1
github.com/TranQuocToan1996/bookings/internal/handlers/handlers.go:484.16,491.3 4 1
github.com/TranQuocToan1996/bookings/internal/handlers/handlers.go:503.79,505.16 2 1
github.com/TranQuocToan1996/bookings/internal/handlers/handlers.go:512.2,513.16 2 1
github.com/TranQuocToan1996/bookings/internal/handlers/handlers.go:518.2,519.16 2 1
github.com/TranQuocToan1996/bookings/internal/handlers/handlers.go:525.2,526.16 2 1
github.com/TranQuocToan1996/bookings/internal/handlers/handlers.go:533.2,533.21 1 1
github.com/TranQuocToan1996/bookings/internal/handlers/handlers.go:540.2,552.4 5 1
github.com/TranQuocToan1996/bookings/internal/handlers/handlers.go:505.16,509.3 3 1
github.com/TranQuocToan1996/bookings/internal/handlers/handlers.go:513.16,517.3 3 1
github.com/TranQuocToan1996/bookings/internal/handlers/handlers.go:519.16,523.3 3 1
github.com/TranQuocToan1996/bookings/internal/handlers/handlers.go:526.16,530.3 3 1
github.com/TranQuocToan1996/bookings/internal/handlers/handlers.go:533.21,537.3 3 0
github.com/TranQuocToan1996/bookings/internal/handlers/handlers.go:570.79,574.16 2 1
github.com/TranQuocToan1996/bookings/internal/handlers/handlers.go:586.2,587.16 2 1
github.com/TranQuocToan1996/bookings/internal/handlers/handlers.go:597.2,598.16 2 1
github.com/TranQuocToan1996/bookings/internal/handlers/handlers.go:608.2,609.16 2 1
github.com/TranQuocToan1996/bookings/internal/handlers/handlers.go:619.2,620.16 2 1
github.com/TranQuocToan1996/bookings/internal/handlers/handlers.go:632.2,644.15 4 1
github.com/TranQuocToan1996/bookings/internal/handlers/handlers.go:574.16,583.3 5 1
github.com/TranQuocToan1996/bookings/internal/handlers/handlers.go:587.16,596.3 5 1
github.com/TranQuocToan1996/bookings/internal/handlers/handlers.go:598.16,607.3 5 1
github.com/TranQuocToan1996/bookings/internal/handlers/handlers.go:609.16,618.3 5 1
github.com/TranQuocToan1996/bookings/internal/handlers/handlers.go:620.16,629.3 5 1
github.com/TranQuocToan1996/bookings/internal/handlers/handlers.go:648.73,662.16 3 1
github.com/TranQuocToan1996/bookings/internal/handlers/handlers.go:668.2,669.9 2 1
github.com/TranQuocToan1996/bookings/internal/handlers/handlers.go:675.2,679.63 3 1
github.com/TranQuocToan1996/bookings/internal/handlers/handlers.go:662.16,666.3 3 1
github.com/TranQuocToan1996/bookings/internal/handlers/handlers.go:669.9,673.3 3 1
github.com/TranQuocToan1996/bookings/internal/handlers/handlers.go:684.71,688.16 2 1
github.com/TranQuocToan1996/bookings/internal/handlers/handlers.go:694.2,695.16 2 1
github.com/TranQuocToan1996/bookings/internal/handlers/handlers.go:700.2,701.16 2 1
github.com/TranQuocToan1996/bookings/internal/handlers/handlers.go:706.2,707.16 2 1
github.com/TranQuocToan1996/bookings/internal/handlers/handlers.go:713.2,722.63 7 1
github.com/TranQuocToan1996/bookings/internal/handlers/handlers.go:688.16,692.3 3 1
github.com/TranQuocToan1996/bookings/internal/handlers/handlers.go:695.16,699.3 3 1
github.com/TranQuocToan1996/bookings/internal/handlers/handlers.go:701.16,705.3 3 1
github.com/TranQuocToan1996/bookings/internal/handlers/handlers.go:707.16,711.3 3 1
github.com/TranQuocToan1996/bookings/internal/handlers/handlers.go:726.88,729.16 2 0
github.com/TranQuocToan1996/bookings/internal/handlers/handlers.go:736.2,739.16 4 0
github.com/TranQuocToan1996/bookings/internal/handlers/handlers.go:745.2,750.16 4 0
github.com/TranQuocToan1996/bookings/internal/handlers/handlers.go:756.2,761.16 6 0
github.com/TranQuocToan1996/bookings/internal/handlers/handlers.go:767.2,772.16 4 0
github.com/TranQuocToan1996/bookings/internal/handlers/handlers.go:729.16,733.3 2 0
github.com/TranQuocToan1996/bookings/internal/handlers/handlers.go:739.16,742.3 2 0
github.com/TranQuocToan1996/bookings/internal/handlers/handlers.go:750.16,753.3 2 0
github.com/TranQuocToan1996/bookings/internal/handlers/handlers.go:761.16,764.3 2 0
github.com/TranQuocToan1996/bookings/internal/handlers/handlers.go:772.16,774.3 1 0
github.com/TranQuocToan1996/bookings/internal/handlers/handlers.go:774.8,776.3 1 0
github.com/TranQuocToan1996/bookings/internal/handlers/handlers.go:780.86,783.16 2 0
github.com/TranQuocToan1996/bookings/internal/handlers/handlers.go:787.2,790.16 3 0
github.com/TranQuocToan1996/bookings/internal/handlers/handlers.go:795.2,801.16 4 0
github.com/TranQuocToan1996/bookings/internal/handlers/handlers.go:783.16,786.3 2 0
github.com/TranQuocToan1996/bookings/internal/handlers/handlers.go:790.16,793.3 2 0
github.com/TranQuocToan1996/bookings/internal/handlers/handlers.go:801.16,803.3 1 0
github.com/TranQuocToan1996/bookings/internal/handlers/handlers.go:803.8,805.3 1 0
github.com/TranQuocToan1996/bookings/internal/handlers/handlers.go:809.85,812.16 2 0
github.com/TranQuocToan1996/bookings/internal/handlers/handlers.go:816.2,819.16 3 0
github.com/TranQuocToan1996/bookings/internal/handlers/handlers.go:824.2,830.16 4 0
github.com/TranQuocToan1996/bookings/internal/handlers/handlers.go:812.16,815.3 2 0
github.com/TranQuocToan1996/bookings/internal/handlers/handlers.go:819.16,822.3 2 0
github.com/TranQuocToan1996/bookings/internal/handlers/handlers.go:830.16,832.3 1 0
github.com/TranQuocToan1996/bookings/internal/handlers/handlers.go:832.8,834.3 1 0
github.com/TranQuocToan1996/bookings/internal/handlers/handlers.go:838.92,840.16 2 0
github.com/TranQuocToan1996/bookings/internal/handlers/handlers.go:844.2,851.16 5 0
github.com/TranQuocToan1996/bookings/internal/handlers/handlers.go:857.2,857.29 1 0
github.com/TranQuocToan1996/bookings/internal/handlers/handlers.go:895.2,896.110 2 0
github.com/TranQuocToan1996/bookings/internal/handlers/handlers.go:840.16,843.3 2 0
github.com/TranQuocToan1996/bookings/internal/handlers/handlers.go:851.16,854.3 2 0
github.com/TranQuocToan1996/bookings/internal/handlers/handlers.go:857.29,861.32 2 0
github.com/TranQuocToan1996/bookings/internal/handlers/handlers.go:879.3,879.32 1 0
github.com/TranQuocToan1996/bookings/internal/handlers/handlers.go:861.32,863.39 1 0
github.com/TranQuocToan1996/bookings/internal/handlers/handlers.go:863.39,865.16 1 0
github.com/TranQuocToan1996/bookings/internal/handlers/handlers.go:865.16,866.69 1 0
github.com/TranQuocToan1996/bookings/internal/handlers/handlers.go:866.69,869.21 2 0
github.com/TranQuocToan1996/bookings/internal/handlers/handlers.go:872.7,872.56 1 0
github.com/TranQuocToan1996/bookings/internal/handlers/handlers.go:869.21,871.8 1 0
github.com/TranQuocToan1996/bookings/internal/handlers/handlers.go:879.32,880.44 1 0
github.com/TranQuocToan1996/bookings/internal/handlers/handlers.go:880.44,886.19 5 0
github.com/TranQuocToan1996/bookings/internal/handlers/handlers.go:889.5,889.67 1 0
github.com/TranQuocToan1996/bookings/internal/handlers/handlers.go:886.19,888.6 1 0
